# JRE version: OpenJDK Runtime Environment Corretto-11.0.18.10.1 (11.0.18+10) (build 11.0.18+10-LTS)
# Java VM: OpenJDK 64-Bit Server VM Corretto-11.0.18.10.1 (11.0.18+10-LTS, mixed mode, tiered, compressed oops, g1 gc, windows-amd64)
Heap:
 garbage-first heap   total 131072K, used 22927K [0x0000000080c00000, 0x0000000100000000)
  region size 1024K, 20 young (20480K), 3 survivors (3072K)
 Metaspace       used 21624K, capacity 22013K, committed 22320K, reserved 1069056K
  class space    used 2278K, capacity 2397K, committed 2432K, reserved 1048576K
GC Heap History (8 events):
Event: 1.298 GC heap before
{Heap before GC invocations=0 (full 0):
 garbage-first heap   total 131072K, used 14336K [0x0000000080c00000, 0x0000000100000000)
  region size 1024K, 14 young (14336K), 0 survivors (0K)
 Metaspace       used 11783K, capacity 12099K, committed 12288K, reserved 1060864K
  class space    used 1095K, capacity 1204K, committed 1280K, reserved 1048576K
}
Event: 1.307 GC heap after
{Heap after GC invocations=1 (full 0):
 garbage-first heap   total 131072K, used 3527K [0x0000000080c00000, 0x0000000100000000)
  region size 1024K, 2 young (2048K), 2 survivors (2048K)
 Metaspace       used 11783K, capacity 12099K, committed 12288K, reserved 1060864K
  class space    used 1095K, capacity 1204K, committed 1280K, reserved 1048576K
}
Event: 1.442 GC heap before
{Heap before GC invocations=1 (full 0):
 garbage-first heap   total 131072K, used 7623K [0x0000000080c00000, 0x0000000100000000)
  region size 1024K, 6 young (6144K), 2 survivors (2048K)
 Metaspace       used 12692K, capacity 12931K, committed 13184K, reserved 1060864K
  class space    used 1227K, capacity 1332K, committed 1408K, reserved 1048576K
}
Event: 1.447 GC heap after
{Heap after GC invocations=2 (full 0):
 garbage-first heap   total 131072K, used 3818K [0x0000000080c00000, 0x0000000100000000)
  region size 1024K, 1 young (1024K), 1 survivors (1024K)
 Metaspace       used 12692K, capacity 12931K, committed 13184K, reserved 1060864K
  class space    used 1227K, capacity 1332K, committed 1408K, reserved 1048576K
}
Event: 2.045 GC heap before
{Heap before GC invocations=2 (full 0):
 garbage-first heap   total 131072K, used 27370K [0x0000000080c00000, 0x0000000100000000)
  region size 1024K, 24 young (24576K), 1 survivors (1024K)
 Metaspace       used 15201K, capacity 15440K, committed 15488K, reserved 1062912K
  class space    used 1537K, capacity 1630K, committed 1664K, reserved 1048576K
}
Event: 2.049 GC heap after
{Heap after GC invocations=3 (full 0):
 garbage-first heap   total 131072K, used 4630K [0x0000000080c00000, 0x0000000100000000)
  region size 1024K, 1 young (1024K), 1 survivors (1024K)
 Metaspace       used 15201K, capacity 15440K, committed 15488K, reserved 1062912K
  class space    used 1537K, capacity 1630K, committed 1664K, reserved 1048576K
}
Event: 3.191 GC heap before
{Heap before GC invocations=3 (full 0):
 garbage-first heap   total 131072K, used 36374K [0x0000000080c00000, 0x0000000100000000)
  region size 1024K, 33 young (33792K), 1 survivors (1024K)
 Metaspace       used 20715K, capacity 21090K, committed 21296K, reserved 1069056K
  class space    used 2203K, capacity 2327K, committed 2432K, reserved 1048576K
}
Event: 3.205 GC heap after
{Heap after GC invocations=4 (full 0):
 garbage-first heap   total 131072K, used 6543K [0x0000000080c00000, 0x0000000100000000)
  region size 1024K, 3 young (3072K), 3 survivors (3072K)
 Metaspace       used 20715K, capacity 21090K, committed 21296K, reserved 1069056K
  class space    used 2203K, capacity 2327K, committed 2432K, reserved 1048576K
}

